Build started 5/11/2012 5:51:50 PM.
     1>Project "D:\MS-Kinect-DEMO\robreckinect\Agents\RavenClawDM\RavenClawDM.vcxproj" on node 2 (build target(s)).
     1>InitializeBuildStatus:
         Creating "Release\RavenClawDM.unsuccessfulbuild" because "AlwaysCreate" was specified.
       ClCompile:
         C:\Program Files\Microsoft Visual Studio 10.0\VC\bin\CL.exe /c /I. /I"D:/MS-Kinect-DEMO/kinectoly\Libraries\RavenClaw" /I"D:/MS-Kinect-DEMO/kinectoly\Libraries\RavenClaw\DialogTask" /I"D:/MS-Kinect-DEMO/kinectoly\Libraries\Galaxy\include" /Zi /nologo /W3 /WX- /O2 /Ob1 /Ot /Oy /D WIN32 /D NDEBUG /D _CONSOLE /D GALAXY /D _VC80_UPGRADE=0x0710 /D _MBCS /GF /Gm- /EHsc /MD /GS /Gy /fp:precise /Zc:wchar_t /Zc:forScope /Fo"Release\\" /Fd"Release\vc100.pdb" /Gd /TP /analyze- /errorReport:prompt DialogTask.cpp
         DialogTask.cpp
       Link:
         C:\Program Files\Microsoft Visual Studio 10.0\VC\bin\link.exe /ERRORREPORT:PROMPT /OUT:"Release\RavenClawDM.exe" /INCREMENTAL:NO /NOLOGO "D:/MS-Kinect-DEMO/kinectoly\bin\Release\RavenClaw.lib" user32.lib ws2_32.lib "D:/MS-Kinect-DEMO/kinectoly\bin\Release\libGalaxy.lib" kernel32.lib user32.lib gdi32.lib winspool.lib comdlg32.lib advapi32.lib shell32.lib ole32.lib oleaut32.lib uuid.lib odbc32.lib odbccp32.lib /MANIFEST /ManifestFile:"Release\RavenClawDM.exe.intermediate.manifest" /MANIFESTUAC:"level='asInvoker' uiAccess='false'" /DEBUG /PDB:"D:\MS-Kinect-DEMO\robreckinect\Agents\RavenClawDM\Release\RavenClawDM.pdb" /SUBSYSTEM:CONSOLE /HEAP:"2000000" /OPT:REF /OPT:ICF /TLBID:1 /DYNAMICBASE /NXCOMPAT /IMPLIB:"Release\RavenClawDM.lib" /MACHINE:X86 Release\DialogTask.obj
         Release\DateUtil.obj
         Release\StringUtil.obj
         Release\ParseTree.obj
         Release\BindingFilters.obj
         RavenClawDM.vcxproj -> D:\MS-Kinect-DEMO\robreckinect\Agents\RavenClawDM\Release\RavenClawDM.exe
       Manifest:
         C:\Program Files\Microsoft SDKs\Windows\v7.0A\bin\mt.exe /nologo /verbose /outputresource:"Release\RavenClawDM.exe;#1" /manifest Release\RavenClawDM.exe.intermediate.manifest
       PostBuildEvent:
         copy "D:\MS-Kinect-DEMO\robreckinect\Agents\RavenClawDM\Release\RavenClawDM.exe" ..\..\Bin\x86-nt
         :VCEnd
                 1 file(s) copied.
       FinalizeBuildStatus:
         Deleting file "Release\RavenClawDM.unsuccessfulbuild".
         Touching "Release\RavenClawDM.lastbuildstate".
     1>Done Building Project "D:\MS-Kinect-DEMO\robreckinect\Agents\RavenClawDM\RavenClawDM.vcxproj" (build target(s)).

Build succeeded.

Time Elapsed 00:00:02.49
